<?xml version="1.0" encoding="utf-8"?><testsuites name="pytest tests"><testsuite name="pytest" errors="0" failures="0" skipped="0" tests="23" time="2.208" timestamp="2026-03-10T12:58:40.077297+00:00" hostname="agent-env-6ebcc062-18e3-4ec6-8a9b-4606b3e0ed85"><testcase classname="tests.test_iteration18_retry_logic.TestRetryLogicCodeVerification" name="test_retry_helper_function_exists" time="1.409" /><testcase classname="tests.test_iteration18_retry_logic.TestRetryLogicCodeVerification" name="test_retry_helper_identifies_502_errors" time="0.000" /><testcase classname="tests.test_iteration18_retry_logic.TestRetryLogicCodeVerification" name="test_retry_helper_identifies_503_errors" time="0.000" /><testcase classname="tests.test_iteration18_retry_logic.TestRetryLogicCodeVerification" name="test_retry_helper_identifies_504_errors" time="0.000" /><testcase classname="tests.test_iteration18_retry_logic.TestRetryLogicCodeVerification" name="test_retry_helper_identifies_429_rate_limit" time="0.000" /><testcase classname="tests.test_iteration18_retry_logic.TestRetryLogicCodeVerification" name="test_retry_helper_identifies_timeout_errors" time="0.000" /><testcase classname="tests.test_iteration18_retry_logic.TestRetryLogicCodeVerification" name="test_retry_helper_rejects_non_retryable_errors" time="0.000" /><testcase classname="tests.test_iteration18_retry_logic.TestRetryLogicCodeVerification" name="test_stream_emergent_model_has_retry_logic" time="0.001" /><testcase classname="tests.test_iteration18_retry_logic.TestRetryLogicCodeVerification" name="test_stream_openai_compatible_has_retry_logic" time="0.001" /><testcase classname="tests.test_iteration18_retry_logic.TestRetryLogicCodeVerification" name="test_user_friendly_error_message_for_retryable_failures" time="0.001" /><testcase classname="tests.test_iteration18_retry_logic.TestRetryConfiguration" name="test_retry_attempts_configured" time="0.001" /><testcase classname="tests.test_iteration18_retry_logic.TestRetryConfiguration" name="test_backoff_delays_configured" time="0.002" /><testcase classname="tests.test_iteration18_retry_logic.TestChatStreamRegression" name="test_health_endpoint" time="0.301" /><testcase classname="tests.test_iteration18_retry_logic.TestChatStreamRegression" name="test_chat_stream_endpoint_exists" time="0.147" /><testcase classname="tests.test_iteration18_retry_logic.TestChatStreamRegression" name="test_chat_stream_with_auth" time="0.146" /><testcase classname="tests.test_iteration18_retry_logic.TestChatStreamRegression" name="test_conversations_endpoint" time="0.120" /><testcase classname="tests.test_iteration18_retry_logic.TestLLMServiceImports" name="test_import_llm_service" time="0.000" /><testcase classname="tests.test_iteration18_retry_logic.TestLLMServiceImports" name="test_stream_emergent_model_importable" time="0.000" /><testcase classname="tests.test_iteration18_retry_logic.TestLLMServiceImports" name="test_stream_openai_compatible_importable" time="0.000" /><testcase classname="tests.test_iteration18_retry_logic.TestLLMServiceImports" name="test_get_api_key_importable" time="0.000" /><testcase classname="tests.test_iteration18_retry_logic.TestLLMServiceImports" name="test_validate_universal_key_importable" time="0.000" /><testcase classname="tests.test_iteration18_retry_logic.TestRetryMarkerCoverage" name="test_all_gateway_errors_covered" time="0.000" /><testcase classname="tests.test_iteration18_retry_logic.TestRetryMarkerCoverage" name="test_case_insensitive_matching" time="0.000" /></testsuite></testsuites>