<?xml version="1.0" encoding="utf-8"?><testsuites name="pytest tests"><testsuite name="pytest" errors="0" failures="0" skipped="0" tests="16" time="33.916" timestamp="2026-02-28T16:52:06.457251+00:00" hostname="agent-env-ebcedbc8-61ef-4225-be1a-3dadb7169022"><testcase classname="backend.tests.test_iteration8_features.TestConversationMessagesPersistence" name="test_get_conversation_messages_returns_persisted_messages" time="0.206" /><testcase classname="backend.tests.test_iteration8_features.TestConversationMessagesPersistence" name="test_get_conversation_messages_nonexistent_returns_empty" time="0.058" /><testcase classname="backend.tests.test_iteration8_features.TestConversationMessagesPersistence" name="test_conversation_messages_requires_auth" time="0.099" /><testcase classname="backend.tests.test_iteration8_features.TestChatFeedbackEndpoint" name="test_submit_feedback_thumbs_up" time="0.106" /><testcase classname="backend.tests.test_iteration8_features.TestChatFeedbackEndpoint" name="test_submit_feedback_thumbs_down" time="2.834" /><testcase classname="backend.tests.test_iteration8_features.TestChatFeedbackEndpoint" name="test_feedback_nonexistent_message_returns_404" time="0.053" /><testcase classname="backend.tests.test_iteration8_features.TestChatFeedbackEndpoint" name="test_feedback_requires_auth" time="0.053" /><testcase classname="backend.tests.test_iteration8_features.TestPricingCatalogAndSummary" name="test_catalog_loads_all_package_categories" time="0.059" /><testcase classname="backend.tests.test_iteration8_features.TestPricingCatalogAndSummary" name="test_catalog_support_has_one_time_and_monthly" time="0.059" /><testcase classname="backend.tests.test_iteration8_features.TestPricingCatalogAndSummary" name="test_summary_loads_user_payment_stats" time="0.052" /><testcase classname="backend.tests.test_iteration8_features.TestPricingCatalogAndSummary" name="test_founder_slots_count" time="0.056" /><testcase classname="backend.tests.test_iteration8_features.TestCheckoutSessionAndStatus" name="test_checkout_session_returns_url_and_session_id" time="0.544" /><testcase classname="backend.tests.test_iteration8_features.TestCheckoutSessionAndStatus" name="test_checkout_status_polling_works" time="0.732" /><testcase classname="backend.tests.test_iteration8_features.TestCheckoutSessionAndStatus" name="test_checkout_different_packages" time="1.276" /><testcase classname="backend.tests.test_iteration8_features.TestCheckoutSessionAndStatus" name="test_checkout_requires_auth" time="0.055" /><testcase classname="backend.tests.test_iteration8_features.TestChatStreamPersistence" name="test_chat_stream_persists_and_retrievable" time="27.587" /></testsuite></testsuites>