<?xml version="1.0" encoding="utf-8"?><testsuites name="pytest tests"><testsuite name="pytest" errors="0" failures="0" skipped="0" tests="11" time="1.543" timestamp="2026-04-02T11:34:57.145888+00:00" hostname="agent-env-1b355686-4a57-4a8b-83bf-ccea003d7a9f"><testcase classname="backend.tests.test_iteration24_ai_instructions.TestAiInstructionsEndpoints" name="test_api_ai_instructions_json_returns_200" time="0.174" /><testcase classname="backend.tests.test_iteration24_ai_instructions.TestAiInstructionsEndpoints" name="test_api_ai_instructions_json_has_quickstart_steps" time="0.101" /><testcase classname="backend.tests.test_iteration24_ai_instructions.TestAiInstructionsEndpoints" name="test_api_ai_instructions_json_has_patterns" time="0.101" /><testcase classname="backend.tests.test_iteration24_ai_instructions.TestAiInstructionsEndpoints" name="test_api_ai_instructions_json_has_operating_notes" time="0.097" /><testcase classname="backend.tests.test_iteration24_ai_instructions.TestAiInstructionsEndpoints" name="test_api_ai_instructions_json_has_api_endpoints" time="0.133" /><testcase classname="backend.tests.test_iteration24_ai_instructions.TestAiInstructionsEndpoints" name="test_api_v1_ai_instructions_returns_200" time="0.104" /><testcase classname="backend.tests.test_iteration24_ai_instructions.TestAiInstructionsEndpoints" name="test_api_v1_ai_instructions_matches_api_ai_instructions" time="0.202" /><testcase classname="backend.tests.test_iteration24_ai_instructions.TestAiInstructionsEndpoints" name="test_ai_instructions_txt_returns_200" time="0.100" /><testcase classname="backend.tests.test_iteration24_ai_instructions.TestAiInstructionsEndpoints" name="test_ai_instructions_txt_contains_guide_content" time="0.105" /><testcase classname="backend.tests.test_iteration24_ai_instructions.TestAiInstructionsEndpoints" name="test_ai_instructions_txt_contains_patterns" time="0.149" /><testcase classname="backend.tests.test_iteration24_ai_instructions.TestAiInstructionsEndpoints" name="test_ai_instructions_txt_contains_endpoint_references" time="0.100" /></testsuite></testsuites>