<?xml version="1.0" encoding="utf-8"?><testsuites name="pytest tests"><testsuite name="pytest" errors="0" failures="0" skipped="0" tests="14" time="10.482" timestamp="2026-03-16T19:57:47.901878+00:00" hostname="agent-env-464fb639-660e-4f36-b02b-2f7ce7ed82de"><testcase classname="backend.tests.test_iteration22_interaction_patterns.TestBasicEndpoints" name="test_health_check" time="0.202" /><testcase classname="backend.tests.test_iteration22_interaction_patterns.TestBasicEndpoints" name="test_models_endpoint" time="0.518" /><testcase classname="backend.tests.test_iteration22_interaction_patterns.TestSharedRoomEndpoint" name="test_shared_room_basic" time="1.334" /><testcase classname="backend.tests.test_iteration22_interaction_patterns.TestSharedRoomEndpoint" name="test_shared_room_with_context" time="0.572" /><testcase classname="backend.tests.test_iteration22_interaction_patterns.TestDaisyChainEndpoint" name="test_daisy_chain_basic" time="1.526" /><testcase classname="backend.tests.test_iteration22_interaction_patterns.TestDaisyChainEndpoint" name="test_daisy_chain_with_context" time="0.693" /><testcase classname="backend.tests.test_iteration22_interaction_patterns.TestSynthesizeEndpoint" name="test_synthesize_basic" time="2.607" /><testcase classname="backend.tests.test_iteration22_interaction_patterns.TestSynthesizeEndpoint" name="test_synthesize_invalid_ids" time="0.118" /><testcase classname="backend.tests.test_iteration22_interaction_patterns.TestPromptWithContext" name="test_prompt_with_global_context" time="0.668" /><testcase classname="backend.tests.test_iteration22_interaction_patterns.TestPromptWithContext" name="test_prompt_with_per_model_context" time="1.587" /><testcase classname="backend.tests.test_iteration22_interaction_patterns.TestThreadPersistence" name="test_history_shows_threads" time="0.149" /><testcase classname="backend.tests.test_iteration22_interaction_patterns.TestAuthRequired" name="test_shared_room_requires_auth" time="0.129" /><testcase classname="backend.tests.test_iteration22_interaction_patterns.TestAuthRequired" name="test_daisy_chain_requires_auth" time="0.180" /><testcase classname="backend.tests.test_iteration22_interaction_patterns.TestAuthRequired" name="test_synthesize_requires_auth" time="0.126" /></testsuite></testsuites>