<?xml version="1.0" encoding="utf-8"?><testsuites name="pytest tests"><testsuite name="pytest" errors="0" failures="0" skipped="0" tests="8" time="106.913" timestamp="2026-02-26T23:20:50.070390+00:00" hostname="agent-env-2de10d6d-9818-4082-90ad-cc946e10b3d7"><testcase classname="tests.test_iteration5_features.TestSharedRoomModeBackend" name="test_chat_stream_accepts_shared_context_mode" time="2.258" /><testcase classname="tests.test_iteration5_features.TestSharedRoomModeBackend" name="test_chat_stream_accepts_parallel_paired_mode" time="6.549" /><testcase classname="tests.test_iteration5_features.TestSharedRoomModeBackend" name="test_chat_stream_with_shared_pairs_payload" time="0.131" /><testcase classname="tests.test_iteration5_features.TestReloadPersistence" name="test_messages_persisted_during_streaming" time="31.511" /><testcase classname="tests.test_iteration5_features.TestReloadPersistence" name="test_conversation_sync_returns_all_messages" time="31.197" /><testcase classname="tests.test_iteration5_features.TestSendControls" name="test_send_button_works" time="34.923" /><testcase classname="tests.test_iteration5_features.TestAgentZeroNonUIOptions" name="test_a0_non_ui_options_include_shared_modes" time="0.164" /><testcase classname="tests.test_iteration5_features.TestAgentZeroNonUIOptions" name="test_a0_non_ui_options_show_context_mode" time="0.117" /></testsuite></testsuites>