<?xml version="1.0" encoding="utf-8"?><testsuites name="pytest tests"><testsuite name="pytest" errors="0" failures="4" skipped="0" tests="13" time="4.811" timestamp="2026-03-29T00:48:42.496205+00:00" hostname="agent-env-1b355686-4a57-4a8b-83bf-ccea003d7a9f"><testcase classname="backend.tests.test_iteration23_archive_features.TestInstanceArchiveFeatures" name="test_create_instance" time="1.045" /><testcase classname="backend.tests.test_iteration23_archive_features.TestInstanceArchiveFeatures" name="test_archive_instance" time="0.239" /><testcase classname="backend.tests.test_iteration23_archive_features.TestInstanceArchiveFeatures" name="test_unarchive_instance" time="0.439" /><testcase classname="backend.tests.test_iteration23_archive_features.TestInstanceArchiveFeatures" name="test_delete_archived_instance_success" time="0.553" /><testcase classname="backend.tests.test_iteration23_archive_features.TestInstanceArchiveFeatures" name="test_delete_active_instance_rejected" time="0.285" /><testcase classname="backend.tests.test_iteration23_archive_features.TestInstanceArchiveFeatures" name="test_list_instances_with_archived" time="0.421" /><testcase classname="backend.tests.test_iteration23_archive_features.TestBulkInstanceOperations" name="test_bulk_archive_instances" time="0.315"><failure message="assert 403 in [200, 201]&#10; +  where 403 = &lt;Response [403]&gt;.status_code">tests/test_iteration23_archive_features.py:170: in test_bulk_archive_instances
    assert resp.status_code in [200, 201]
E   assert 403 in [200, 201]
E    +  where 403 = &lt;Response [403]&gt;.status_code</failure></testcase><testcase classname="backend.tests.test_iteration23_archive_features.TestBulkInstanceOperations" name="test_bulk_restore_instances" time="0.165"><failure message="KeyError: 'instance_id'">tests/test_iteration23_archive_features.py:192: in test_bulk_restore_instances
    instance_ids.append(resp.json()["instance_id"])
                        ^^^^^^^^^^^^^^^^^^^^^^^^^^
E   KeyError: 'instance_id'</failure></testcase><testcase classname="backend.tests.test_iteration23_archive_features.TestBulkInstanceOperations" name="test_bulk_delete_archived_instances" time="0.105"><failure message="KeyError: 'instance_id'">tests/test_iteration23_archive_features.py:214: in test_bulk_delete_archived_instances
    instance_ids.append(resp.json()["instance_id"])
                        ^^^^^^^^^^^^^^^^^^^^^^^^^^
E   KeyError: 'instance_id'</failure></testcase><testcase classname="backend.tests.test_iteration23_archive_features.TestChatPromptResponses" name="test_send_chat_prompt_and_get_responses" time="0.171"><failure message="assert 403 in [200, 201]&#10; +  where 403 = &lt;Response [403]&gt;.status_code">tests/test_iteration23_archive_features.py:240: in test_send_chat_prompt_and_get_responses
    assert resp.status_code in [200, 201]
E   assert 403 in [200, 201]
E    +  where 403 = &lt;Response [403]&gt;.status_code</failure></testcase><testcase classname="backend.tests.test_iteration23_archive_features.TestChatPromptResponses" name="test_list_chat_prompts" time="0.160" /><testcase classname="backend.tests.test_iteration23_archive_features.TestHubOptions" name="test_hub_options_includes_archive_support" time="0.101" /><testcase classname="backend.tests.test_iteration23_archive_features.TestAuthProtection" name="test_instance_endpoints_require_auth" time="0.669" /></testsuite></testsuites>