<?xml version="1.0" encoding="utf-8"?><testsuites name="pytest tests"><testsuite name="pytest" errors="0" failures="0" skipped="0" tests="35" time="5.677" timestamp="2026-02-12T05:24:35.812889+00:00" hostname="agent-env-5fda7a88-30fd-4972-9623-cd7c8afdd4dc"><testcase classname="backend.tests.test_a0_edcm_features.TestA0ConfigEndpoints" name="test_get_a0_config_default" time="0.290" /><testcase classname="backend.tests.test_a0_edcm_features.TestA0ConfigEndpoints" name="test_put_a0_config_local_mode" time="0.018" /><testcase classname="backend.tests.test_a0_edcm_features.TestA0ConfigEndpoints" name="test_put_a0_config_cloud_mode" time="0.018" /><testcase classname="backend.tests.test_a0_edcm_features.TestA0ConfigEndpoints" name="test_a0_health_uses_user_config" time="3.078" /><testcase classname="backend.tests.test_a0_edcm_features.TestA0ConfigEndpoints" name="test_a0_config_requires_auth" time="0.123" /><testcase classname="backend.tests.test_a0_edcm_features.TestEDCMIngestEndpoint" name="test_ingest_edcm_metrics" time="0.050" /><testcase classname="backend.tests.test_a0_edcm_features.TestEDCMIngestEndpoint" name="test_ingest_edcm_minimal_metrics" time="0.016" /><testcase classname="backend.tests.test_a0_edcm_features.TestEDCMIngestEndpoint" name="test_edcm_ingest_requires_auth" time="0.033" /><testcase classname="backend.tests.test_a0_edcm_features.TestEDCMQueryEndpoints" name="test_get_edcm_metrics" time="0.008" /><testcase classname="backend.tests.test_a0_edcm_features.TestEDCMQueryEndpoints" name="test_get_edcm_metrics_by_conversation" time="0.065" /><testcase classname="backend.tests.test_a0_edcm_features.TestEDCMResponseTimesEndpoint" name="test_get_response_times" time="0.011" /><testcase classname="backend.tests.test_a0_edcm_features.TestEDCMResponseTimesEndpoint" name="test_response_times_requires_auth" time="0.040" /><testcase classname="backend.tests.test_a0_edcm_features.TestEDCMFeedbackStatsEndpoint" name="test_get_feedback_stats" time="0.010" /><testcase classname="backend.tests.test_a0_edcm_features.TestEDCMFeedbackStatsEndpoint" name="test_feedback_stats_requires_auth" time="0.035" /><testcase classname="backend.tests.test_a0_edcm_features.TestEDCMDashboardEndpoint" name="test_get_dashboard" time="0.018" /><testcase classname="backend.tests.test_a0_edcm_features.TestEDCMDashboardEndpoint" name="test_dashboard_requires_auth" time="0.034" /><testcase classname="backend.tests.test_a0_edcm_features.TestEDCMDashboardEndpoint" name="test_dashboard_after_ingest" time="0.018" /><testcase classname="backend.tests.test_api_endpoints.TestHealthEndpoints" name="test_root_endpoint" time="0.035" /><testcase classname="backend.tests.test_api_endpoints.TestAuthEndpoints" name="test_register_new_user" time="0.237" /><testcase classname="backend.tests.test_api_endpoints.TestAuthEndpoints" name="test_register_duplicate_user" time="0.242" /><testcase classname="backend.tests.test_api_endpoints.TestAuthEndpoints" name="test_login_success" time="0.508" /><testcase classname="backend.tests.test_api_endpoints.TestAuthEndpoints" name="test_login_invalid_credentials" time="0.009" /><testcase classname="backend.tests.test_api_endpoints.TestAuthEndpoints" name="test_get_current_user_me" time="0.326" /><testcase classname="backend.tests.test_api_endpoints.TestAuthEndpoints" name="test_me_without_auth" time="0.052" /><testcase classname="backend.tests.test_api_endpoints.TestAPIKeysEndpoints" name="test_get_keys" time="0.009" /><testcase classname="backend.tests.test_api_endpoints.TestAPIKeysEndpoints" name="test_update_key_universal" time="0.017" /><testcase classname="backend.tests.test_api_endpoints.TestAPIKeysEndpoints" name="test_update_key_custom" time="0.010" /><testcase classname="backend.tests.test_api_endpoints.TestConversationsEndpoints" name="test_get_conversations" time="0.050" /><testcase classname="backend.tests.test_api_endpoints.TestChatFeedbackEndpoint" name="test_feedback_invalid_message_id" time="0.010" /><testcase classname="backend.tests.test_api_endpoints.TestChatFeedbackEndpoint" name="test_feedback_valid_format" time="0.010" /><testcase classname="backend.tests.test_api_endpoints.TestExportEndpoint" name="test_export_nonexistent_conversation" time="0.050" /><testcase classname="backend.tests.test_api_endpoints.TestAgentZeroEndpoints" name="test_a0_health_check" time="0.071" /><testcase classname="backend.tests.test_api_endpoints.TestProtectedEndpoints" name="test_keys_requires_auth" time="0.035" /><testcase classname="backend.tests.test_api_endpoints.TestProtectedEndpoints" name="test_conversations_requires_auth" time="0.033" /><testcase classname="backend.tests.test_api_endpoints.TestProtectedEndpoints" name="test_a0_health_requires_auth" time="0.033" /></testsuite></testsuites>