<?xml version="1.0" encoding="utf-8"?><testsuites name="pytest tests"><testsuite name="pytest" errors="0" failures="0" skipped="0" tests="21" time="32.645" timestamp="2026-02-28T05:19:23.555043+00:00" hostname="agent-env-2de10d6d-9818-4082-90ad-cc946e10b3d7"><testcase classname="tests.test_iteration7_features.TestHealthAndAuth" name="test_api_root" time="0.131" /><testcase classname="tests.test_iteration7_features.TestHealthAndAuth" name="test_auth_me_with_token" time="0.055" /><testcase classname="tests.test_iteration7_features.TestConsolePreferences" name="test_get_preferences_default" time="0.057" /><testcase classname="tests.test_iteration7_features.TestConsolePreferences" name="test_update_preferences" time="0.056" /><testcase classname="tests.test_iteration7_features.TestConsolePreferences" name="test_preferences_persist" time="0.061" /><testcase classname="tests.test_iteration7_features.TestContextLogs" name="test_get_context_logs_empty_or_list" time="0.060" /><testcase classname="tests.test_iteration7_features.TestPaymentsCatalog" name="test_get_catalog" time="0.062" /><testcase classname="tests.test_iteration7_features.TestPaymentsCatalog" name="test_catalog_has_core_monthly" time="0.061" /><testcase classname="tests.test_iteration7_features.TestPaymentsCatalog" name="test_catalog_has_support_one_time_and_recurring" time="0.065" /><testcase classname="tests.test_iteration7_features.TestPaymentsCatalog" name="test_catalog_founder_package" time="0.058" /><testcase classname="tests.test_iteration7_features.TestCheckoutSession" name="test_create_checkout_session_core" time="0.559" /><testcase classname="tests.test_iteration7_features.TestCheckoutSession" name="test_create_checkout_invalid_package" time="0.057" /><testcase classname="tests.test_iteration7_features.TestCheckoutSession" name="test_create_checkout_invalid_origin" time="0.058" /><testcase classname="tests.test_iteration7_features.TestCheckoutStatus" name="test_checkout_status_for_new_session" time="0.689" /><testcase classname="tests.test_iteration7_features.TestPaymentsSummary" name="test_get_summary" time="0.055" /><testcase classname="tests.test_iteration7_features.TestChatStreamWritesContextAndTelemetry" name="test_chat_stream_creates_context_log" time="4.347" /><testcase classname="tests.test_iteration7_features.TestChatStreamWritesContextAndTelemetry" name="test_chat_stream_records_token_telemetry" time="25.915" /><testcase classname="tests.test_iteration7_features.TestEDCMDashboard" name="test_get_edcm_dashboard" time="0.065" /><testcase classname="tests.test_iteration7_features.TestProtectedRoutesRequireAuth" name="test_console_preferences_requires_auth" time="0.062" /><testcase classname="tests.test_iteration7_features.TestProtectedRoutesRequireAuth" name="test_payments_catalog_requires_auth" time="0.058" /><testcase classname="tests.test_iteration7_features.TestProtectedRoutesRequireAuth" name="test_checkout_session_requires_auth" time="0.056" /></testsuite></testsuites>