<?xml version="1.0" encoding="utf-8"?><testsuites name="pytest tests"><testsuite name="pytest" errors="0" failures="0" skipped="0" tests="11" time="47.736" timestamp="2026-03-16T19:32:06.127060+00:00" hostname="agent-env-464fb639-660e-4f36-b02b-2f7ce7ed82de"><testcase classname="backend.tests.test_iteration21_analysis.TestAuth" name="test_login_success" time="0.374" /><testcase classname="backend.tests.test_iteration21_analysis.TestAnalysisEndpoints" name="test_analysis_transcript_endpoint" time="20.570" /><testcase classname="backend.tests.test_iteration21_analysis.TestAnalysisEndpoints" name="test_analysis_reports_list" time="0.209" /><testcase classname="backend.tests.test_iteration21_analysis.TestAnalysisEndpoints" name="test_analysis_report_by_id" time="22.084" /><testcase classname="backend.tests.test_iteration21_analysis.TestAnalysisEndpoints" name="test_analysis_report_not_found" time="0.142" /><testcase classname="backend.tests.test_iteration21_analysis.TestAnalysisEndpoints" name="test_analysis_requires_auth" time="0.234" /><testcase classname="backend.tests.test_iteration21_analysis.TestChatPersistence" name="test_prompt_creates_thread" time="1.669" /><testcase classname="backend.tests.test_iteration21_analysis.TestChatPersistence" name="test_thread_messages_persist" time="1.331" /><testcase classname="backend.tests.test_iteration21_analysis.TestExistingFeatures" name="test_health_endpoint" time="0.119" /><testcase classname="backend.tests.test_iteration21_analysis.TestExistingFeatures" name="test_models_endpoint" time="0.793" /><testcase classname="backend.tests.test_iteration21_analysis.TestExistingFeatures" name="test_keys_status" time="0.141" /></testsuite></testsuites>