<?xml version="1.0" encoding="utf-8"?><testsuites name="pytest tests"><testsuite name="pytest" errors="0" failures="0" skipped="0" tests="12" time="7.386" timestamp="2026-02-26T18:09:54.130713+00:00" hostname="agent-env-a3786f64-499e-4c97-a13b-6805fb09f9b9"><testcase classname="tests.test_iteration4_features.TestAgentZeroNonUIEndpoints" name="test_get_non_ui_options" time="0.563" /><testcase classname="tests.test_iteration4_features.TestAgentZeroNonUIEndpoints" name="test_get_non_ui_options_requires_auth" time="0.122" /><testcase classname="tests.test_iteration4_features.TestAgentZeroNonUIEndpoints" name="test_get_non_ui_conversations" time="0.062" /><testcase classname="tests.test_iteration4_features.TestAgentZeroNonUIEndpoints" name="test_get_non_ui_transcript_not_found" time="0.067" /><testcase classname="tests.test_iteration4_features.TestChatAttachments" name="test_chat_stream_accepts_attachments_payload" time="0.081" /><testcase classname="tests.test_iteration4_features.TestChatAttachments" name="test_chat_stream_with_selected_target_mode" time="1.496" /><testcase classname="tests.test_iteration4_features.TestChatAttachments" name="test_chat_stream_with_image_attachment" time="1.864" /><testcase classname="tests.test_iteration4_features.TestPerModelMessages" name="test_chat_stream_accepts_per_model_messages" time="1.169" /><testcase classname="tests.test_iteration4_features.TestPerModelMessages" name="test_chat_stream_with_global_context" time="0.973" /><testcase classname="tests.test_iteration4_features.TestA0SettingsEndpoints" name="test_non_ui_endpoints_in_options_response" time="0.679" /><testcase classname="tests.test_iteration4_features.TestBasicConnectivity" name="test_auth_endpoint_available" time="0.182" /><testcase classname="tests.test_iteration4_features.TestBasicConnectivity" name="test_a0_config_endpoint_available" time="0.063" /></testsuite></testsuites>