<?xml version="1.0" encoding="utf-8"?><testsuites name="pytest tests"><testsuite name="pytest" errors="0" failures="0" skipped="0" tests="17" time="4.067" timestamp="2026-02-12T05:22:40.649645+00:00" hostname="agent-env-5fda7a88-30fd-4972-9623-cd7c8afdd4dc"><testcase classname="backend.tests.test_a0_edcm_features.TestA0ConfigEndpoints" name="test_get_a0_config_default" time="0.328" /><testcase classname="backend.tests.test_a0_edcm_features.TestA0ConfigEndpoints" name="test_put_a0_config_local_mode" time="0.022" /><testcase classname="backend.tests.test_a0_edcm_features.TestA0ConfigEndpoints" name="test_put_a0_config_cloud_mode" time="0.059" /><testcase classname="backend.tests.test_a0_edcm_features.TestA0ConfigEndpoints" name="test_a0_health_uses_user_config" time="3.084" /><testcase classname="backend.tests.test_a0_edcm_features.TestA0ConfigEndpoints" name="test_a0_config_requires_auth" time="0.083" /><testcase classname="backend.tests.test_a0_edcm_features.TestEDCMIngestEndpoint" name="test_ingest_edcm_metrics" time="0.010" /><testcase classname="backend.tests.test_a0_edcm_features.TestEDCMIngestEndpoint" name="test_ingest_edcm_minimal_metrics" time="0.049" /><testcase classname="backend.tests.test_a0_edcm_features.TestEDCMIngestEndpoint" name="test_edcm_ingest_requires_auth" time="0.037" /><testcase classname="backend.tests.test_a0_edcm_features.TestEDCMQueryEndpoints" name="test_get_edcm_metrics" time="0.008" /><testcase classname="backend.tests.test_a0_edcm_features.TestEDCMQueryEndpoints" name="test_get_edcm_metrics_by_conversation" time="0.055" /><testcase classname="backend.tests.test_a0_edcm_features.TestEDCMResponseTimesEndpoint" name="test_get_response_times" time="0.008" /><testcase classname="backend.tests.test_a0_edcm_features.TestEDCMResponseTimesEndpoint" name="test_response_times_requires_auth" time="0.036" /><testcase classname="backend.tests.test_a0_edcm_features.TestEDCMFeedbackStatsEndpoint" name="test_get_feedback_stats" time="0.009" /><testcase classname="backend.tests.test_a0_edcm_features.TestEDCMFeedbackStatsEndpoint" name="test_feedback_stats_requires_auth" time="0.040" /><testcase classname="backend.tests.test_a0_edcm_features.TestEDCMDashboardEndpoint" name="test_get_dashboard" time="0.011" /><testcase classname="backend.tests.test_a0_edcm_features.TestEDCMDashboardEndpoint" name="test_dashboard_requires_auth" time="0.033" /><testcase classname="backend.tests.test_a0_edcm_features.TestEDCMDashboardEndpoint" name="test_dashboard_after_ingest" time="0.057" /></testsuite></testsuites>