<?xml version="1.0" encoding="utf-8"?><testsuites name="pytest tests"><testsuite name="pytest" errors="0" failures="0" skipped="0" tests="9" time="3.018" timestamp="2026-03-10T01:31:47.353155+00:00" hostname="agent-env-6ebcc062-18e3-4ec6-8a9b-4606b3e0ed85"><testcase classname="tests.test_iteration14_auth.TestStandardAuth" name="test_register_returns_access_token" time="0.434" /><testcase classname="tests.test_iteration14_auth.TestStandardAuth" name="test_login_returns_access_token" time="0.738" /><testcase classname="tests.test_iteration14_auth.TestStandardAuth" name="test_login_invalid_credentials_returns_401" time="0.115" /><testcase classname="tests.test_iteration14_auth.TestStandardAuth" name="test_auth_me_with_valid_token" time="0.537" /><testcase classname="tests.test_iteration14_auth.TestStandardAuth" name="test_auth_me_without_token_returns_401" time="0.117" /><testcase classname="tests.test_iteration14_auth.TestGoogleAuthSessionSchema" name="test_google_session_without_session_id_returns_400" time="0.111" /><testcase classname="tests.test_iteration14_auth.TestGoogleAuthSessionSchema" name="test_google_session_with_invalid_session_returns_401" time="0.241" /><testcase classname="tests.test_iteration14_auth.TestTokenPersistence" name="test_token_can_access_protected_endpoints" time="0.609" /><testcase classname="tests.test_iteration14_auth.TestAuthModelSchema" name="test_google_auth_model_has_access_token_field" time="0.056" /></testsuite></testsuites>