<?xml version="1.0" encoding="utf-8"?><testsuites name="pytest tests"><testsuite name="pytest" errors="0" failures="0" skipped="0" tests="18" time="1.816" timestamp="2026-02-12T03:47:20.540709+00:00" hostname="agent-env-5fda7a88-30fd-4972-9623-cd7c8afdd4dc"><testcase classname="backend.tests.test_api_endpoints.TestHealthEndpoints" name="test_root_endpoint" time="0.105" /><testcase classname="backend.tests.test_api_endpoints.TestAuthEndpoints" name="test_register_new_user" time="0.232" /><testcase classname="backend.tests.test_api_endpoints.TestAuthEndpoints" name="test_register_duplicate_user" time="0.243" /><testcase classname="backend.tests.test_api_endpoints.TestAuthEndpoints" name="test_login_success" time="0.540" /><testcase classname="backend.tests.test_api_endpoints.TestAuthEndpoints" name="test_login_invalid_credentials" time="0.008" /><testcase classname="backend.tests.test_api_endpoints.TestAuthEndpoints" name="test_get_current_user_me" time="0.277" /><testcase classname="backend.tests.test_api_endpoints.TestAuthEndpoints" name="test_me_without_auth" time="0.037" /><testcase classname="backend.tests.test_api_endpoints.TestAPIKeysEndpoints" name="test_get_keys" time="0.007" /><testcase classname="backend.tests.test_api_endpoints.TestAPIKeysEndpoints" name="test_update_key_universal" time="0.014" /><testcase classname="backend.tests.test_api_endpoints.TestAPIKeysEndpoints" name="test_update_key_custom" time="0.047" /><testcase classname="backend.tests.test_api_endpoints.TestConversationsEndpoints" name="test_get_conversations" time="0.006" /><testcase classname="backend.tests.test_api_endpoints.TestChatFeedbackEndpoint" name="test_feedback_invalid_message_id" time="0.006" /><testcase classname="backend.tests.test_api_endpoints.TestChatFeedbackEndpoint" name="test_feedback_valid_format" time="0.046" /><testcase classname="backend.tests.test_api_endpoints.TestExportEndpoint" name="test_export_nonexistent_conversation" time="0.007" /><testcase classname="backend.tests.test_api_endpoints.TestAgentZeroEndpoints" name="test_a0_health_check" time="0.030" /><testcase classname="backend.tests.test_api_endpoints.TestProtectedEndpoints" name="test_keys_requires_auth" time="0.033" /><testcase classname="backend.tests.test_api_endpoints.TestProtectedEndpoints" name="test_conversations_requires_auth" time="0.038" /><testcase classname="backend.tests.test_api_endpoints.TestProtectedEndpoints" name="test_a0_health_requires_auth" time="0.035" /></testsuite></testsuites>