<?xml version="1.0" encoding="utf-8"?><testsuites name="pytest tests"><testsuite name="pytest" errors="0" failures="0" skipped="0" tests="15" time="14.551" timestamp="2026-03-01T20:30:45.030726+00:00" hostname="agent-env-214b2047-79bc-4a8b-aa8c-94d4d9ed5a44"><testcase classname="tests.test_iteration10_features.TestServiceAccountPolicy" name="test_get_policy_default_value" time="0.591" /><testcase classname="tests.test_iteration10_features.TestServiceAccountPolicy" name="test_put_policy_enable_one_token_per_bot" time="0.610" /><testcase classname="tests.test_iteration10_features.TestServiceAccountPolicy" name="test_put_policy_disable_one_token_per_bot" time="0.602" /><testcase classname="tests.test_iteration10_features.TestServiceAccountPolicy" name="test_policy_requires_auth" time="0.569" /><testcase classname="tests.test_iteration10_features.TestOneTokenPerBotBehavior" name="test_token_rotation_when_policy_enabled" time="2.012" /><testcase classname="tests.test_iteration10_features.TestOneTokenPerBotBehavior" name="test_no_rotation_when_policy_disabled" time="1.759" /><testcase classname="tests.test_iteration10_features.TestAuditLogsAppendOnly" name="test_service_account_audit_on_create" time="0.773" /><testcase classname="tests.test_iteration10_features.TestAuditLogsAppendOnly" name="test_service_account_audit_on_token_issue" time="0.998" /><testcase classname="tests.test_iteration10_features.TestAuditLogsAppendOnly" name="test_service_account_audit_on_policy_update" time="0.450" /><testcase classname="tests.test_iteration10_features.TestServiceAccountRegressions" name="test_create_service_account" time="0.684" /><testcase classname="tests.test_iteration10_features.TestServiceAccountRegressions" name="test_list_service_accounts" time="0.797" /><testcase classname="tests.test_iteration10_features.TestServiceAccountRegressions" name="test_issue_token" time="1.104" /><testcase classname="tests.test_iteration10_features.TestServiceAccountRegressions" name="test_revoke_token" time="1.441" /><testcase classname="tests.test_iteration10_features.TestChatBasicFlow" name="test_chat_stream_endpoint_exists" time="0.454" /><testcase classname="tests.test_iteration10_features.TestChatBasicFlow" name="test_chat_feedback_endpoint" time="1.532" /></testsuite></testsuites>