<?xml version="1.0" encoding="utf-8"?><testsuites name="pytest tests"><testsuite name="pytest" errors="0" failures="0" skipped="0" tests="29" time="25.577" timestamp="2026-03-01T19:56:33.712220+00:00" hostname="agent-env-214b2047-79bc-4a8b-aa8c-94d4d9ed5a44"><testcase classname="tests.test_iteration9_service_accounts.TestBasicAuthRegression" name="test_register_new_user" time="0.444" /><testcase classname="tests.test_iteration9_service_accounts.TestBasicAuthRegression" name="test_login_with_valid_credentials" time="0.704" /><testcase classname="tests.test_iteration9_service_accounts.TestBasicAuthRegression" name="test_login_with_invalid_credentials" time="0.114" /><testcase classname="tests.test_iteration9_service_accounts.TestBasicAuthRegression" name="test_me_endpoint_with_valid_token" time="0.479" /><testcase classname="tests.test_iteration9_service_accounts.TestBasicAuthRegression" name="test_me_endpoint_without_token" time="0.106" /><testcase classname="tests.test_iteration9_service_accounts.TestServiceAccountCreation" name="test_create_service_account_success" time="0.708" /><testcase classname="tests.test_iteration9_service_accounts.TestServiceAccountCreation" name="test_create_service_account_no_label" time="0.729" /><testcase classname="tests.test_iteration9_service_accounts.TestServiceAccountCreation" name="test_create_service_account_duplicate_username" time="0.804" /><testcase classname="tests.test_iteration9_service_accounts.TestServiceAccountCreation" name="test_create_service_account_requires_auth" time="0.123" /><testcase classname="tests.test_iteration9_service_accounts.TestServiceAccountListing" name="test_list_service_accounts" time="1.166" /><testcase classname="tests.test_iteration9_service_accounts.TestServiceAccountListing" name="test_list_service_accounts_requires_auth" time="0.107" /><testcase classname="tests.test_iteration9_service_accounts.TestServiceAccountUpdate" name="test_toggle_service_account_active" time="0.897" /><testcase classname="tests.test_iteration9_service_accounts.TestServiceAccountUpdate" name="test_update_service_account_label" time="0.795" /><testcase classname="tests.test_iteration9_service_accounts.TestServiceAccountUpdate" name="test_update_nonexistent_service_account" time="0.799" /><testcase classname="tests.test_iteration9_service_accounts.TestServiceAccountUpdate" name="test_update_service_account_requires_auth" time="0.790" /><testcase classname="tests.test_iteration9_service_accounts.TestServiceAccountTokenIssuance" name="test_issue_service_token" time="1.006" /><testcase classname="tests.test_iteration9_service_accounts.TestServiceAccountTokenIssuance" name="test_issue_token_invalid_password" time="1.058" /><testcase classname="tests.test_iteration9_service_accounts.TestServiceAccountTokenIssuance" name="test_issue_token_nonexistent_account" time="0.137" /><testcase classname="tests.test_iteration9_service_accounts.TestServiceAccountTokenIssuance" name="test_issue_token_disabled_account" time="0.916" /><testcase classname="tests.test_iteration9_service_accounts.TestServiceAccountTokenListing" name="test_list_tokens_for_service_account" time="1.443" /><testcase classname="tests.test_iteration9_service_accounts.TestServiceAccountTokenListing" name="test_list_tokens_nonexistent_account" time="1.477" /><testcase classname="tests.test_iteration9_service_accounts.TestServiceAccountTokenListing" name="test_list_tokens_requires_auth" time="1.503" /><testcase classname="tests.test_iteration9_service_accounts.TestServiceAccountTokenRevocation" name="test_revoke_token" time="1.244" /><testcase classname="tests.test_iteration9_service_accounts.TestServiceAccountTokenRevocation" name="test_revoke_already_revoked_token" time="1.348" /><testcase classname="tests.test_iteration9_service_accounts.TestServiceAccountTokenRevocation" name="test_revoke_nonexistent_token" time="1.274" /><testcase classname="tests.test_iteration9_service_accounts.TestServiceAccountTokenRevocation" name="test_revoke_requires_auth" time="1.302" /><testcase classname="tests.test_iteration9_service_accounts.TestProtectedEndpointsWithServiceToken" name="test_service_token_accesses_protected_endpoint" time="1.255" /><testcase classname="tests.test_iteration9_service_accounts.TestProtectedEndpointsWithServiceToken" name="test_revoked_token_rejected" time="1.464" /><testcase classname="tests.test_iteration9_service_accounts.TestProtectedEndpointsWithServiceToken" name="test_jwt_still_works" time="1.200" /></testsuite></testsuites>