<?xml version="1.0" encoding="utf-8"?><testsuites name="pytest tests"><testsuite name="pytest" errors="0" failures="0" skipped="0" tests="12" time="3.874" timestamp="2026-03-14T04:19:11.364904+00:00" hostname="agent-env-464fb639-660e-4f36-b02b-2f7ce7ed82de"><testcase classname="tests.test_v1_api_iteration20.TestAuth" name="test_login_success" time="0.428" /><testcase classname="tests.test_v1_api_iteration20.TestAuth" name="test_login_invalid_credentials" time="0.117" /><testcase classname="tests.test_v1_api_iteration20.TestSystemEndpoints" name="test_health_check" time="0.143" /><testcase classname="tests.test_v1_api_iteration20.TestSystemEndpoints" name="test_models_list" time="0.104" /><testcase classname="tests.test_v1_api_iteration20.TestKeysEndpoints" name="test_get_keys_status" time="0.440" /><testcase classname="tests.test_v1_api_iteration20.TestA0Endpoints" name="test_history_endpoint" time="0.112" /><testcase classname="tests.test_v1_api_iteration20.TestA0Endpoints" name="test_prompt_single_endpoint" time="0.812" /><testcase classname="tests.test_v1_api_iteration20.TestA0Endpoints" name="test_prompt_multi_model" time="0.680" /><testcase classname="tests.test_v1_api_iteration20.TestA0Endpoints" name="test_feedback_endpoint" time="0.346" /><testcase classname="tests.test_v1_api_iteration20.TestA0Endpoints" name="test_thread_messages_endpoint" time="0.233" /><testcase classname="tests.test_v1_api_iteration20.TestEdcmEndpoints" name="test_edcm_eval_endpoint" time="0.213" /><testcase classname="tests.test_v1_api_iteration20.TestRegistryEndpoints" name="test_get_registry" time="0.119" /></testsuite></testsuites>