<?xml version="1.0" encoding="utf-8"?><testsuites name="pytest tests"><testsuite name="pytest" errors="0" failures="1" skipped="0" tests="6" time="1.193" timestamp="2026-06-16T03:18:23.982996+00:00" hostname="agent-env-c561fe25-2704-4067-9c27-3f689ea320ec"><testcase classname="tests.test_tool_loop_http_e2e" name="test_regression_teacher_assisted_no_byok_key" time="0.591" /><testcase classname="tests.test_tool_loop_http_e2e" name="test_teacher_tool_loop_wiring_with_tools_allowed" time="0.114" /><testcase classname="tests.test_tool_loop_http_e2e" name="test_native_zfae_untrained_returns_200" time="0.113"><failure message="AssertionError: assert 'tool_trace' in {'all_seeds_touched': False, 'last_loss': None, 'max_loss_required': 0.1, 'min_steps_required': 16, ...}&#10; +  where {'all_seeds_touched': False, 'last_loss': None, 'max_loss_required': 0.1, 'min_steps_required': 16, ...} = &lt;built-in method get of dict object at 0xfce06faa27c0&gt;('trace', {})&#10; +    where &lt;built-in method get of dict object at 0xfce06faa27c0&gt; = {'agent_id': '721f59c4-04b6-4143-8950-f8836d65a9b1', 'assistantText': 'a0(zfae) cannot perform native inference yet: missing trained decoder / sufficient checkpoint / response policy.', 'mode': 'a0(zfae)', 'nextSnapshot': {}, ...}.get">tests/test_tool_loop_http_e2e.py:127: in test_native_zfae_untrained_returns_200
    assert "tool_trace" in data.get("trace", {})
E   AssertionError: assert 'tool_trace' in {'all_seeds_touched': False, 'last_loss': None, 'max_loss_required': 0.1, 'min_steps_required': 16, ...}
E    +  where {'all_seeds_touched': False, 'last_loss': None, 'max_loss_required': 0.1, 'min_steps_required': 16, ...} = &lt;built-in method get of dict object at 0xfce06faa27c0&gt;('trace', {})
E    +    where &lt;built-in method get of dict object at 0xfce06faa27c0&gt; = {'agent_id': '721f59c4-04b6-4143-8950-f8836d65a9b1', 'assistantText': 'a0(zfae) cannot perform native inference yet: missing trained decoder / sufficient checkpoint / response policy.', 'mode': 'a0(zfae)', 'nextSnapshot': {}, ...}.get</failure></testcase><testcase classname="tests.test_tool_loop_http_e2e" name="test_living_spec_lookup_benign" time="0.110" /><testcase classname="tests.test_tool_loop_http_e2e" name="test_living_spec_lookup_jailbreak_halt" time="0.044" /><testcase classname="tests.test_tool_loop_http_e2e" name="test_tools_allowed_persistence" time="0.123" /></testsuite></testsuites>