<?xml version="1.0" encoding="utf-8"?><testsuites name="pytest tests"><testsuite name="pytest" errors="0" failures="1" skipped="0" tests="16" time="9.473" timestamp="2026-06-11T00:32:37.706737+00:00" hostname="agent-env-1878b603-3cc6-48b2-8f76-f505cdfe8a16"><testcase classname="tests.test_auth_and_extensions.TestRegister" name="test_register_success" time="0.429" /><testcase classname="tests.test_auth_and_extensions.TestRegister" name="test_register_duplicate_username_409" time="0.380" /><testcase classname="tests.test_auth_and_extensions.TestRegister" name="test_register_short_passphrase_422" time="0.108" /><testcase classname="tests.test_auth_and_extensions.TestLogin" name="test_login_with_username" time="0.673" /><testcase classname="tests.test_auth_and_extensions.TestLogin" name="test_login_with_email" time="0.339" /><testcase classname="tests.test_auth_and_extensions.TestLogin" name="test_login_wrong_passphrase" time="0.334" /><testcase classname="tests.test_auth_and_extensions.TestLogin" name="test_brute_force_429" time="4.969" /><testcase classname="tests.test_auth_and_extensions.TestMeAndLogout" name="test_me_with_cookies" time="0.054" /><testcase classname="tests.test_auth_and_extensions.TestMeAndLogout" name="test_me_without_cookies" time="0.219" /><testcase classname="tests.test_auth_and_extensions.TestMeAndLogout" name="test_logout_clears_cookies" time="0.517" /><testcase classname="tests.test_auth_and_extensions.TestAdminSeed" name="test_admin_login" time="0.106"><failure message="AssertionError: admin seed login failed: 429 {&quot;detail&quot;:&quot;too many attempts — try again in 15 minutes&quot;}&#10;assert 429 == 200&#10; +  where 429 = &lt;Response [429]&gt;.status_code">backend/tests/test_auth_and_extensions.py:167: in test_admin_login
    assert r.status_code == 200, f"admin seed login failed: {r.status_code} {r.text}"
E   AssertionError: admin seed login failed: 429 {"detail":"too many attempts — try again in 15 minutes"}
E   assert 429 == 200
E    +  where 429 = &lt;Response [429]&gt;.status_code</failure></testcase><testcase classname="tests.test_auth_and_extensions.TestCustomKeys" name="test_custom_keys_full_crud" time="0.315" /><testcase classname="tests.test_auth_and_extensions.TestDemoQuota" name="test_demo_quota_fresh_user" time="0.383" /><testcase classname="tests.test_auth_and_extensions.TestLivingSpec" name="test_living_spec_public" time="0.219" /><testcase classname="tests.test_auth_and_extensions.TestRegression" name="test_health" time="0.100" /><testcase classname="tests.test_auth_and_extensions.TestRegression" name="test_legacy_instances_list" time="0.221" /></testsuite></testsuites>